<?xml version="1.0" encoding="UTF-8"?>
<!-- Generated by org.testng.reporters.JUnitXMLReporter -->
<testsuite ignored="0" hostname="L1308" failures="0" tests="4" name="Test1" time="0.067" errors="0" timestamp="2025-10-20T07:51:10 IST">
  <testcase classname="automationCore.BaseTest" name="@BeforeMethod initializeBrowser" time="-1.760926870023E9">
    <failure type="org.testng.TestNGException" message="
Parameter &amp;apos;browsers&amp;apos; is required by BeforeMethod on method initializeBrowser but has not been marked @Optional or defined
in C:\Users\9018\eclipse-workspace\GrocerryApplication\multiBrowser.xml">
      <![CDATA[org.testng.TestNGException: 
Parameter 'browsers' is required by BeforeMethod on method initializeBrowser but has not been marked @Optional or defined
in C:\Users\9018\eclipse-workspace\GrocerryApplication\multiBrowser.xml
at java.base/java.util.concurrent.Executors$RunnableAdapter.call(Executors.java:539)
at java.base/java.util.concurrent.FutureTask.run(FutureTask.java:264)
at java.base/java.util.concurrent.ThreadPoolExecutor.runWorker(ThreadPoolExecutor.java:1136)
at java.base/java.util.concurrent.ThreadPoolExecutor$Worker.run(ThreadPoolExecutor.java:635)
at java.base/java.lang.Thread.run(Thread.java:840)
... Removed 14 stack frames]]>
    </failure>
  </testcase> <!-- @BeforeMethod initializeBrowser -->
  <testcase classname="automationCore.BaseTest" name="@BeforeMethod initializeBrowser" time="-1.760926870046E9">
    <failure type="org.testng.TestNGException" message="
Parameter &amp;apos;browsers&amp;apos; is required by BeforeMethod on method initializeBrowser but has not been marked @Optional or defined
in C:\Users\9018\eclipse-workspace\GrocerryApplication\multiBrowser.xml">
      <![CDATA[org.testng.TestNGException: 
Parameter 'browsers' is required by BeforeMethod on method initializeBrowser but has not been marked @Optional or defined
in C:\Users\9018\eclipse-workspace\GrocerryApplication\multiBrowser.xml
at java.base/java.util.concurrent.Executors$RunnableAdapter.call(Executors.java:539)
at java.base/java.util.concurrent.FutureTask.run(FutureTask.java:264)
at java.base/java.util.concurrent.ThreadPoolExecutor.runWorker(ThreadPoolExecutor.java:1136)
at java.base/java.util.concurrent.ThreadPoolExecutor$Worker.run(ThreadPoolExecutor.java:635)
at java.base/java.lang.Thread.run(Thread.java:840)
... Removed 14 stack frames]]>
    </failure>
  </testcase> <!-- @BeforeMethod initializeBrowser -->
  <testcase classname="automationCore.BaseTest" name="@BeforeMethod initializeBrowser" time="-1.760926870053E9">
    <failure type="org.testng.TestNGException" message="
Parameter &amp;apos;browsers&amp;apos; is required by BeforeMethod on method initializeBrowser but has not been marked @Optional or defined
in C:\Users\9018\eclipse-workspace\GrocerryApplication\multiBrowser.xml">
      <![CDATA[org.testng.TestNGException: 
Parameter 'browsers' is required by BeforeMethod on method initializeBrowser but has not been marked @Optional or defined
in C:\Users\9018\eclipse-workspace\GrocerryApplication\multiBrowser.xml
at java.base/java.util.concurrent.Executors$RunnableAdapter.call(Executors.java:539)
at java.base/java.util.concurrent.FutureTask.run(FutureTask.java:264)
at java.base/java.util.concurrent.ThreadPoolExecutor.runWorker(ThreadPoolExecutor.java:1136)
at java.base/java.util.concurrent.ThreadPoolExecutor$Worker.run(ThreadPoolExecutor.java:635)
at java.base/java.lang.Thread.run(Thread.java:840)
... Removed 14 stack frames]]>
    </failure>
  </testcase> <!-- @BeforeMethod initializeBrowser -->
  <testcase classname="automationCore.BaseTest" name="@BeforeMethod initializeBrowser" time="-1.760926870057E9">
    <failure type="org.testng.TestNGException" message="
Parameter &amp;apos;browsers&amp;apos; is required by BeforeMethod on method initializeBrowser but has not been marked @Optional or defined
in C:\Users\9018\eclipse-workspace\GrocerryApplication\multiBrowser.xml">
      <![CDATA[org.testng.TestNGException: 
Parameter 'browsers' is required by BeforeMethod on method initializeBrowser but has not been marked @Optional or defined
in C:\Users\9018\eclipse-workspace\GrocerryApplication\multiBrowser.xml
at java.base/java.util.concurrent.Executors$RunnableAdapter.call(Executors.java:539)
at java.base/java.util.concurrent.FutureTask.run(FutureTask.java:264)
at java.base/java.util.concurrent.ThreadPoolExecutor.runWorker(ThreadPoolExecutor.java:1136)
at java.base/java.util.concurrent.ThreadPoolExecutor$Worker.run(ThreadPoolExecutor.java:635)
at java.base/java.lang.Thread.run(Thread.java:840)
... Removed 14 stack frames]]>
    </failure>
  </testcase> <!-- @BeforeMethod initializeBrowser -->
  <testcase classname="testScript.LoginTestCase" name="validateUserloginWithValidCredentials" time="0.0">
    <skipped/>
  </testcase> <!-- validateUserloginWithValidCredentials -->
  <testcase classname="testScript.LoginTestCase" name="validateUserloginWithInvalidusernameInvalidPassword" time="0.0">
    <skipped/>
  </testcase> <!-- validateUserloginWithInvalidusernameInvalidPassword -->
  <testcase classname="testScript.LoginTestCase" name="validateUserloginWithValidusernameInvalidpassword" time="0.0">
    <skipped/>
  </testcase> <!-- validateUserloginWithValidusernameInvalidpassword -->
  <testcase classname="testScript.LoginTestCase" name="validateUserloginWithInvalidusernameValidpassword" time="0.0">
    <skipped/>
  </testcase> <!-- validateUserloginWithInvalidusernameValidpassword -->
</testsuite> <!-- Test1 -->
