<?xml version="1.0" encoding="UTF-8"?>
<!-- Generated by org.testng.reporters.JUnitXMLReporter -->
<testsuite ignored="0" hostname="L1308" failures="0" tests="1" name="chromeTest" time="0.039" errors="0" timestamp="2025-10-20T07:30:02 IST">
  <testcase classname="automationCore.BaseTest" name="@BeforeMethod initializeBrowser" time="-1.760925602647E9">
    <failure type="org.testng.TestNGException" message="
Parameter &amp;apos;browsers&amp;apos; is required by BeforeMethod on method initializeBrowser but has not been marked @Optional or defined
in C:\Users\9018\eclipse-workspace\GrocerryApplication\crossBrowser.xml">
      <![CDATA[org.testng.TestNGException: 
Parameter 'browsers' is required by BeforeMethod on method initializeBrowser but has not been marked @Optional or defined
in C:\Users\9018\eclipse-workspace\GrocerryApplication\crossBrowser.xml
at java.base/java.util.ArrayList.forEach(ArrayList.java:1511)
... Removed 28 stack frames]]>
    </failure>
  </testcase> <!-- @BeforeMethod initializeBrowser -->
  <testcase classname="testScript.HomeTest" name="logout" time="0.0">
    <skipped/>
  </testcase> <!-- logout -->
</testsuite> <!-- chromeTest -->
