<?xml version="1.0" encoding="UTF-8"?>
<!-- Generated by org.testng.reporters.JUnitXMLReporter -->
<testsuite ignored="2" hostname="L1308" failures="1" tests="3" name="Test" time="13.906" errors="0" timestamp="2025-10-24T07:44:21 IST">
  <testcase classname="testScript.LoginTestCase" name="validateUserloginWithValidCredentials" time="1.612"/>
  <testcase classname="testScript.LoginTestCase" name="validateUserloginWithInvalidusernameInvalidPassword" time="0.334">
    <failure type="org.openqa.selenium.StaleElementReferenceException" message="stale element reference: stale element not found
  (Session info: chrome=141.0.7390.108)
For documentation on this error, please visit: https://www.selenium.dev/documentation/webdriver/troubleshooting/errors#stale-element-reference-exception
Build info: version: &amp;apos;4.27.0&amp;apos;, revision: &amp;apos;d6e718d134&amp;apos;
System info: os.name: &amp;apos;Windows 11&amp;apos;, os.arch: &amp;apos;amd64&amp;apos;, os.version: &amp;apos;10.0&amp;apos;, java.version: &amp;apos;17.0.10&amp;apos;
Driver info: org.openqa.selenium.chrome.ChromeDriver
Command: [13fb2e1a3229071768ecbd53c6639fa6, isElementDisplayed {id=f.FD51AF2B8324EA5C310F83F71E223618.d.76A3F0BAB881F9035F265122C279EB43.e.22}]
Capabilities {acceptInsecureCerts: false, browserName: chrome, browserVersion: 141.0.7390.108, chrome: {chromedriverVersion: 141.0.7390.122 (b477534e7e1..., userDataDir: C:\Users\9018\AppData\Local...}, fedcm:accounts: true, goog:chromeOptions: {debuggerAddress: localhost:8807}, networkConnectionEnabled: false, pageLoadStrategy: normal, platformName: windows, proxy: Proxy(), se:cdp: ws://localhost:8807/devtool..., se:cdpVersion: 141.0.7390.108, setWindowRect: true, strictFileInteractability: false, timeouts: {implicit: 0, pageLoad: 300000, script: 30000}, unhandledPromptBehavior: dismiss and notify, webauthn:extension:credBlob: true, webauthn:extension:largeBlob: true, webauthn:extension:minPinLength: true, webauthn:extension:prf: true, webauthn:virtualAuthenticators: true}
Element: [[ChromeDriver: chrome on windows (13fb2e1a3229071768ecbd53c6639fa6)] -&amp;gt; xpath: //b[text()=&amp;apos;7rmart supermarket&amp;apos;]]
Session ID: 13fb2e1a3229071768ecbd53c6639fa6">
      <![CDATA[org.openqa.selenium.StaleElementReferenceException: stale element reference: stale element not found
  (Session info: chrome=141.0.7390.108)
For documentation on this error, please visit: https://www.selenium.dev/documentation/webdriver/troubleshooting/errors#stale-element-reference-exception
Build info: version: '4.27.0', revision: 'd6e718d134'
System info: os.name: 'Windows 11', os.arch: 'amd64', os.version: '10.0', java.version: '17.0.10'
Driver info: org.openqa.selenium.chrome.ChromeDriver
Command: [13fb2e1a3229071768ecbd53c6639fa6, isElementDisplayed {id=f.FD51AF2B8324EA5C310F83F71E223618.d.76A3F0BAB881F9035F265122C279EB43.e.22}]
Capabilities {acceptInsecureCerts: false, browserName: chrome, browserVersion: 141.0.7390.108, chrome: {chromedriverVersion: 141.0.7390.122 (b477534e7e1..., userDataDir: C:\Users\9018\AppData\Local...}, fedcm:accounts: true, goog:chromeOptions: {debuggerAddress: localhost:8807}, networkConnectionEnabled: false, pageLoadStrategy: normal, platformName: windows, proxy: Proxy(), se:cdp: ws://localhost:8807/devtool..., se:cdpVersion: 141.0.7390.108, setWindowRect: true, strictFileInteractability: false, timeouts: {implicit: 0, pageLoad: 300000, script: 30000}, unhandledPromptBehavior: dismiss and notify, webauthn:extension:credBlob: true, webauthn:extension:largeBlob: true, webauthn:extension:minPinLength: true, webauthn:extension:prf: true, webauthn:virtualAuthenticators: true}
Element: [[ChromeDriver: chrome on windows (13fb2e1a3229071768ecbd53c6639fa6)] -> xpath: //b[text()='7rmart supermarket']]
Session ID: 13fb2e1a3229071768ecbd53c6639fa6
at org.openqa.selenium.remote.ErrorCodec.decode(ErrorCodec.java:167)
at org.openqa.selenium.remote.codec.w3c.W3CHttpResponseCodec.decode(W3CHttpResponseCodec.java:138)
at org.openqa.selenium.remote.codec.w3c.W3CHttpResponseCodec.decode(W3CHttpResponseCodec.java:50)
at org.openqa.selenium.remote.HttpCommandExecutor.execute(HttpCommandExecutor.java:190)
at org.openqa.selenium.remote.service.DriverCommandExecutor.invokeExecute(DriverCommandExecutor.java:216)
at org.openqa.selenium.remote.service.DriverCommandExecutor.execute(DriverCommandExecutor.java:174)
at org.openqa.selenium.remote.RemoteWebDriver.execute(RemoteWebDriver.java:545)
at org.openqa.selenium.remote.RemoteWebElement.execute(RemoteWebElement.java:223)
at org.openqa.selenium.remote.RemoteWebElement.isDisplayed(RemoteWebElement.java:282)
at org.openqa.selenium.support.pagefactory.internal.LocatingElementHandler.invoke(LocatingElementHandler.java:51)
at jdk.proxy2/jdk.proxy2.$Proxy14.isDisplayed(Unknown Source)
at pages.LoginPage.validateLoginWithIncorrectCredentials(LoginPage.java:42)
at testScript.LoginTestCase.validateUserloginWithInvalidusernameInvalidPassword(LoginTestCase.java:51)
at java.base/java.util.ArrayList.forEach(ArrayList.java:1511)
... Removed 36 stack frames]]>
    </failure>
  </testcase> <!-- validateUserloginWithInvalidusernameInvalidPassword -->
  <testcase classname="testScript.LoginTestCase" name="validateUserloginWithInvalidusernameInvalidPassword" time="0.349"/>
  <testcase classname="testScript.LoginTestCase" name="validateUserloginWithInvalidusernameValidpassword" time="0.0">
    <ignored/>
  </testcase> <!-- validateUserloginWithInvalidusernameValidpassword -->
  <testcase classname="testScript.LoginTestCase" name="validateUserloginWithValidusernameInvalidpassword" time="0.0">
    <ignored/>
  </testcase> <!-- validateUserloginWithValidusernameInvalidpassword -->
</testsuite> <!-- Test -->
